This is pdfTeX, Version 3.141592653-2.6-1.40.22 (TeX Live 2021) (preloaded format=pdflatex 2021.5.9)  10 JUL 2022 12:50
entering extended mode
 restricted \write18 enabled.
 file:line:error style messages enabled.
 %&-line parsing enabled.
**seminar.tex
(./seminar.tex
LaTeX2e <2020-10-01> patch level 4
L3 programming layer <2021-02-18> (./header.tex
(/usr/local/texlive/2021/texmf-dist/tex/latex/koma-script/scrbook.cls
Document Class: scrbook 2021/03/17 v3.33 KOMA-Script document class (book)
(/usr/local/texlive/2021/texmf-dist/tex/latex/koma-script/scrkbase.sty
Package: scrkbase 2021/03/17 v3.33 KOMA-Script package (KOMA-Script-dependent b
asics and keyval usage)

(/usr/local/texlive/2021/texmf-dist/tex/latex/koma-script/scrbase.sty
Package: scrbase 2021/03/17 v3.33 KOMA-Script package (KOMA-Script-independent 
basics and keyval usage)

(/usr/local/texlive/2021/texmf-dist/tex/latex/koma-script/scrlfile.sty
Package: scrlfile 2021/03/17 v3.33 KOMA-Script package (file load hooks)

(/usr/local/texlive/2021/texmf-dist/tex/latex/koma-script/scrlfile-hook.sty
Package: scrlfile-hook 2021/03/17 v3.33 KOMA-Script package (using LaTeX hooks)


LaTeX3 Info: Defining command \BeforeFile with sig. 'm' on line 61.


LaTeX3 Info: Defining command \AfterFile with sig. 'm' on line 65.


LaTeX3 Info: Defining command \BeforeClass with sig. 'm' on line 69.


LaTeX3 Info: Defining command \BeforePackage with sig. 'm' on line 73.


LaTeX3 Info: Defining command \AfterAtEndOfClass with sig. 'smo+m' on line 83.


LaTeX3 Info: Defining command \AfterAtEndOfPackage with sig. 'smo+m' on line
(LaTeX3)     93.


LaTeX3 Info: Defining command \scrlfile@AfterClass with sig. 'smo+m' on line
(LaTeX3)     173.


LaTeX3 Info: Defining command \AfterClass with sig. '' on line 174.


LaTeX3 Info: Defining command \scrlfile@AfterPackage with sig. 'smo+m' on line
(LaTeX3)     191.


LaTeX3 Info: Defining command \AfterPackage with sig. '' on line 192.


LaTeX3 Info: Defining command \ReplaceInput with sig. '' on line 193.


LaTeX3 Info: Defining command \ReplaceClass with sig. 'mm' on line 196.


LaTeX3 Info: Defining command \ReplacePackage with sig. 'mm' on line 199.


LaTeX3 Info: Defining command \UnReplaceInput with sig. '' on line 200.


LaTeX3 Info: Defining command \UnReplaceClass with sig. 'm' on line 203.


LaTeX3 Info: Defining command \UnReplacePackage with sig. 'mm' on line 206.


LaTeX3 Info: Defining command \PreventPackageFromLoading with sig. 's+om' on
(LaTeX3)     line 234.


LaTeX3 Info: Defining command \StorePreventPackageFromLoading with sig. 'm' on
(LaTeX3)     line 242.


LaTeX3 Info: Defining command \ResetPreventPackageFromLoading with sig. '' on
(LaTeX3)     line 247.


LaTeX3 Info: Defining command \UnPreventPackageFromLoading with sig. 'sm' on
(LaTeX3)     line 261.


LaTeX3 Info: Defining command \BeforeClosingMainAux with sig. 'om' on line
(LaTeX3)     274.


LaTeX3 Info: Defining command \AfterReadingMainAux with sig. 'om' on line 287.


LaTeX3 Info: Defining command \protected@immediate@write with sig. 'm+m+m' on
(LaTeX3)     line 298.


(/usr/local/texlive/2021/texmf-dist/tex/latex/koma-script/scrlogo.sty
Package: scrlogo 2021/03/17 v3.33 KOMA-Script package (logo)
)))
(/usr/local/texlive/2021/texmf-dist/tex/latex/graphics/keyval.sty
Package: keyval 2014/10/28 v1.15 key=value parser (DPC)
\KV@toks@=\toks15
)
Skipping: [2021/05/01] Usage of raw option list on input line 252.
Applying: [0000/00/00] compatibility for LaTeX before 2021/05/01 on input line 
337.
))
(/usr/local/texlive/2021/texmf-dist/tex/latex/koma-script/tocbasic.sty
Package: tocbasic 2021/03/17 v3.33 KOMA-Script package (handling toc-files)
\scr@dte@tocline@numberwidth=\skip47
\scr@dte@tocline@numbox=\box47
)
Package tocbasic Info: babel extension for `toc' omitted
(tocbasic)             because of missing \bbl@set@language on input line 137.
Package scrbook Info: You've used standard option `12pt'.
(scrbook)             This is correct!
(scrbook)             Internally I'm using `fontsize=12pt'.
(scrbook)             If you'd like to set the option with \KOMAoptions,
(scrbook)             you'd have to use `fontsize=12pt' there
(scrbook)             instead of `12pt', too.
Class scrbook Info: File `scrsize12pt.clo' used to setup font sizes on input li
ne 2454.

(/usr/local/texlive/2021/texmf-dist/tex/latex/koma-script/scrsize12pt.clo
File: scrsize12pt.clo 2021/03/17 v3.33 KOMA-Script font size class option (12pt
)
)
(/usr/local/texlive/2021/texmf-dist/tex/latex/koma-script/typearea.sty
Package: typearea 2021/03/17 v3.33 KOMA-Script package (type area)
\ta@bcor=\skip48
\ta@div=\count179
Package typearea Info: You've used standard option `a4paper'.
(typearea)             This is correct!
(typearea)             Internally I'm using `paper=a4'.
(typearea)             If you'd like to set the option with \KOMAoptions,
(typearea)             you'd have to use `paper=a4' there
(typearea)             instead of `a4paper', too.
\ta@hblk=\skip49
\ta@vblk=\skip50
\ta@temp=\skip51
\footheight=\skip52
Package typearea Info: These are the values describing the layout:
(typearea)             DIV  = 12
(typearea)             BCOR = 28.45274pt
(typearea)             \paperwidth      = 597.50793pt
(typearea)              \textwidth      = 426.7914pt
(typearea)              DIV departure   = -1%
(typearea)              \evensidemargin = 22.57254pt
(typearea)              \oddsidemargin  = 3.60402pt
(typearea)             \paperheight     = 845.04694pt
(typearea)              \textheight     = 635.5pt
(typearea)              \topmargin      = -41.72441pt
(typearea)              \headheight     = 18.125pt
(typearea)              \headsep        = 21.75pt
(typearea)              \topskip        = 12.0pt
(typearea)              \footskip       = 50.75pt
(typearea)              \baselineskip   = 14.5pt
(typearea)              on input line 1741.
)
\c@part=\count180
\c@chapter=\count181
\c@section=\count182
\c@subsection=\count183
\c@subsubsection=\count184
\c@paragraph=\count185
\c@subparagraph=\count186
\scr@dte@chapter@maxnumwidth=\skip53
Class scrbook Info: using compatibility default `afterindent=bysign'
(scrbook)           for `\chapter on input line 5676.
\scr@dte@section@maxnumwidth=\skip54
Class scrbook Info: using compatibility default `runin=bysign'
(scrbook)           for `\section on input line 5687.
Class scrbook Info: using compatibility default `afterindent=bysign'
(scrbook)           for `\section on input line 5687.
\scr@dte@part@maxnumwidth=\skip55
Class scrbook Info: using compatibility default `afterindent=true'
(scrbook)           for `\part on input line 5696.
\scr@dte@subsection@maxnumwidth=\skip56
Class scrbook Info: using compatibility default `runin=bysign'
(scrbook)           for `\subsection on input line 5706.
Class scrbook Info: using compatibility default `afterindent=bysign'
(scrbook)           for `\subsection on input line 5706.
\scr@dte@subsubsection@maxnumwidth=\skip57
Class scrbook Info: using compatibility default `runin=bysign'
(scrbook)           for `\subsubsection on input line 5716.
Class scrbook Info: using compatibility default `afterindent=bysign'
(scrbook)           for `\subsubsection on input line 5716.
\scr@dte@paragraph@maxnumwidth=\skip58
Class scrbook Info: using compatibility default `runin=bysign'
(scrbook)           for `\paragraph on input line 5727.
Class scrbook Info: using compatibility default `afterindent=bysign'
(scrbook)           for `\paragraph on input line 5727.
\scr@dte@subparagraph@maxnumwidth=\skip59
Class scrbook Info: using compatibility default `runin=bysign'
(scrbook)           for `\subparagraph on input line 5737.
Class scrbook Info: using compatibility default `afterindent=bysign'
(scrbook)           for `\subparagraph on input line 5737.
\abovecaptionskip=\skip60
\belowcaptionskip=\skip61
\c@pti@nb@sid@b@x=\box48
Package tocbasic Info: babel extension for `lof' omitted
(tocbasic)             because of missing \bbl@set@language on input line 6980.

\scr@dte@figure@maxnumwidth=\skip62
\c@figure=\count187
Package tocbasic Info: babel extension for `lot' omitted
(tocbasic)             because of missing \bbl@set@language on input line 7001.

\scr@dte@table@maxnumwidth=\skip63
\c@table=\count188
Class scrbook Info: Redefining `\numberline' on input line 7174.
\bibindent=\dimen138
)
(/usr/local/texlive/2021/texmf-dist/tex/latex/koma-script/scrhack.sty
Package: scrhack 2021/03/17 v3.33 KOMA-Script package (hacking other packages)

(/usr/local/texlive/2021/texmf-dist/tex/latex/xpatch/xpatch.sty
(/usr/local/texlive/2021/texmf-dist/tex/latex/l3kernel/expl3.sty
Package: expl3 2021-02-18 L3 programming layer (loader) 

(/usr/local/texlive/2021/texmf-dist/tex/latex/l3backend/l3backend-pdftex.def
File: l3backend-pdftex.def 2021-03-18 L3 backend support: PDF output (pdfTeX)
\l__color_backend_stack_int=\count189
\l__pdf_internal_box=\box49
))
Package: xpatch 2020/03/25 v0.3a Extending etoolbox patching commands

(/usr/local/texlive/2021/texmf-dist/tex/latex/l3packages/xparse/xparse.sty
(/usr/local/texlive/2021/texmf-dist/tex/latex/l3packages/xparse/xparse-2020-10-
01.sty
(/usr/local/texlive/2021/texmf-dist/tex/latex/l3packages/xparse/xparse-generic.
tex))) (/usr/local/texlive/2021/texmf-dist/tex/latex/etoolbox/etoolbox.sty
Package: etoolbox 2020/10/05 v2.5k e-TeX tools for LaTeX (JAW)
\etb@tempcnta=\count190
)))
(/usr/local/texlive/2021/texmf-dist/tex/generic/babel/babel.sty
Package: babel 2021/03/24 3.56 The Babel package

(/usr/local/texlive/2021/texmf-dist/tex/generic/babel/babel.def
File: babel.def 2021/03/24 3.56 Babel common definitions
\babel@savecnt=\count191
\U@D=\dimen139
\l@babelnohyphens=\language87

(/usr/local/texlive/2021/texmf-dist/tex/generic/babel/txtbabel.def)
\bbl@readstream=\read2
)
\bbl@dirlevel=\count192

(/usr/local/texlive/2021/texmf-dist/tex/generic/babel-english/english.ldf
Language: english 2017/06/06 v3.3r English support from the babel system
Package babel Info: \l@canadian = using hyphenrules for english
(babel)             (\language0) on input line 102.
Package babel Info: \l@australian = using hyphenrules for ukenglish
(babel)             (\language21) on input line 105.
Package babel Info: \l@newzealand = using hyphenrules for ukenglish
(babel)             (\language21) on input line 108.
))
(/usr/local/texlive/2021/texmf-dist/tex/latex/base/fontenc.sty
Package: fontenc 2020/08/10 v2.0s Standard LaTeX package
)
(/usr/local/texlive/2021/texmf-dist/tex/latex/base/inputenc.sty
Package: inputenc 2020/08/01 v1.3d Input encoding file
\inpenc@prehook=\toks16
\inpenc@posthook=\toks17
)
(/usr/local/texlive/2021/texmf-dist/tex/latex/textpos/textpos.sty
Package: textpos 2020/09/26 v1.10

Package: textpos 2020/09/26 1.10, absolute positioning of text on the page
Package textpos Info: choosing support for LaTeX3 on input line 61.
\TP@textbox=\box50
\TP@holdbox=\box51
\TPHorizModule=\dimen140
\TPVertModule=\dimen141
\TP@margin=\dimen142
\TP@absmargin=\dimen143
Grid set 16 x 16 = 37.34424pt x 52.81543pt
\TPboxrulesize=\dimen144
\TP@ox=\dimen145
\TP@oy=\dimen146
\TP@tbargs=\toks18
TextBlockOrigin set to 0pt x 0pt
) (/usr/local/texlive/2021/texmf-dist/tex/latex/graphics/graphicx.sty
Package: graphicx 2020/09/09 v1.2b Enhanced LaTeX Graphics (DPC,SPQR)

(/usr/local/texlive/2021/texmf-dist/tex/latex/graphics/graphics.sty
Package: graphics 2020/08/30 v1.4c Standard LaTeX Graphics (DPC,SPQR)

(/usr/local/texlive/2021/texmf-dist/tex/latex/graphics/trig.sty
Package: trig 2016/01/03 v1.10 sin cos tan (DPC)
)
(/usr/local/texlive/2021/texmf-dist/tex/latex/graphics-cfg/graphics.cfg
File: graphics.cfg 2016/06/04 v1.11 sample graphics configuration
)
Package graphics Info: Driver file: pdftex.def on input line 105.

(/usr/local/texlive/2021/texmf-dist/tex/latex/graphics-def/pdftex.def
File: pdftex.def 2020/10/05 v1.2a Graphics/color driver for pdftex
))
\Gin@req@height=\dimen147
\Gin@req@width=\dimen148
)
(/usr/local/texlive/2021/texmf-dist/tex/latex/tools/varioref.sty
Package: varioref 2020/08/11 v1.6e package for extended references (FMi)
\c@vrcnt=\count193
)
(/usr/local/texlive/2021/texmf-dist/tex/latex/listings/listings.sty
\lst@mode=\count194
\lst@gtempboxa=\box52
\lst@token=\toks19
\lst@length=\count195
\lst@currlwidth=\dimen149
\lst@column=\count196
\lst@pos=\count197
\lst@lostspace=\dimen150
\lst@width=\dimen151
\lst@newlines=\count198
\lst@lineno=\count199
\lst@maxwidth=\dimen152

(/usr/local/texlive/2021/texmf-dist/tex/latex/listings/lstmisc.sty
File: lstmisc.sty 2020/03/24 1.8d (Carsten Heinz)
\c@lstnumber=\count266
\lst@skipnumbers=\count267
\lst@framebox=\box53
)
(/usr/local/texlive/2021/texmf-dist/tex/latex/listings/listings.cfg
File: listings.cfg 2020/03/24 1.8d listings configuration
))
Package scrhack Info: loading listings hack on input line 44.

(/usr/local/texlive/2021/texmf-dist/tex/latex/koma-script/listings.hak
File: listings.hak 2021/03/17 v3.33 KOMA-Script scrhack part (hacking package l
istings)
Package tocbasic Info: setting babel extension for `lol' on input line 143.
Package scrhack Info: redefining \lstlistoflistings on input line 143.
)
Package: listings 2020/03/24 1.8d (Carsten Heinz)

(/usr/local/texlive/2021/texmf-dist/tex/latex/tools/enumerate.sty
Package: enumerate 2015/07/23 v3.00 enumerate extensions (DPC)
\@enLab=\toks20
)
(/usr/local/texlive/2021/texmf-dist/tex/latex/epstopdf-pkg/epstopdf.sty
Package: epstopdf 2020-01-24 v2.11 Conversion with epstopdf on the fly (HO)

(/usr/local/texlive/2021/texmf-dist/tex/generic/infwarerr/infwarerr.sty
Package: infwarerr 2019/12/03 v1.5 Providing info/warning/error messages (HO)
)
(/usr/local/texlive/2021/texmf-dist/tex/latex/grfext/grfext.sty
Package: grfext 2019/12/03 v1.3 Manage graphics extensions (HO)

(/usr/local/texlive/2021/texmf-dist/tex/generic/kvdefinekeys/kvdefinekeys.sty
Package: kvdefinekeys 2019-12-19 v1.6 Define keys (HO)
)) (/usr/local/texlive/2021/texmf-dist/tex/latex/kvoptions/kvoptions.sty
Package: kvoptions 2020-10-07 v3.14 Key value format for package options (HO)

(/usr/local/texlive/2021/texmf-dist/tex/generic/ltxcmds/ltxcmds.sty
Package: ltxcmds 2020-05-10 v1.25 LaTeX kernel commands for general use (HO)
)
(/usr/local/texlive/2021/texmf-dist/tex/generic/kvsetkeys/kvsetkeys.sty
Package: kvsetkeys 2019/12/15 v1.18 Key value parser (HO)
))
(/usr/local/texlive/2021/texmf-dist/tex/generic/pdftexcmds/pdftexcmds.sty
Package: pdftexcmds 2020-06-27 v0.33 Utility functions of pdfTeX for LuaTeX (HO
)

(/usr/local/texlive/2021/texmf-dist/tex/generic/iftex/iftex.sty
Package: iftex 2020/03/06 v1.0d TeX engine tests
)
Package pdftexcmds Info: \pdf@primitive is available.
Package pdftexcmds Info: \pdf@ifprimitive is available.
Package pdftexcmds Info: \pdfdraftmode found.
)
(/usr/local/texlive/2021/texmf-dist/tex/latex/epstopdf-pkg/epstopdf-base.sty
Package: epstopdf-base 2020-01-24 v2.11 Base part for package epstopdf
Package epstopdf-base Info: Redefining graphics rule for `.eps' on input line 4
85.
Package grfext Info: Graphics extension search list:
(grfext)             [.pdf,.png,.jpg,.mps,.jpeg,.jbig2,.jb2,.PDF,.PNG,.JPG,.JPE
G,.JBIG2,.JB2,.eps]
(grfext)             \AppendGraphicsExtensions on input line 504.

(/usr/local/texlive/2021/texmf-dist/tex/latex/latexconfig/epstopdf-sys.cfg
File: epstopdf-sys.cfg 2010/07/13 v1.3 Configuration of (r)epstopdf for TeX Liv
e
)))
(/usr/local/texlive/2021/texmf-dist/tex/latex/multirow/multirow.sty
Package: multirow 2021/03/15 v2.8 Span multiple rows of a table
\multirow@colwidth=\skip64
\multirow@cntb=\count268
\multirow@dima=\skip65
\bigstrutjot=\dimen153
)
(/usr/local/texlive/2021/texmf-dist/tex/latex/tools/longtable.sty
Package: longtable 2020/01/07 v4.13 Multi-page Table package (DPC)
\LTleft=\skip66
\LTright=\skip67
\LTpre=\skip68
\LTpost=\skip69
\LTchunksize=\count269
\LTcapwidth=\dimen154
\LT@head=\box54
\LT@firsthead=\box55
\LT@foot=\box56
\LT@lastfoot=\box57
\LT@cols=\count270
\LT@rows=\count271
\c@LT@tables=\count272
\c@LT@chunks=\count273
\LT@p@ftn=\toks21
)
Class scrbook Info: longtable captions redefined on input line 44.

(/usr/local/texlive/2021/texmf-dist/tex/latex/float/float.sty
Package: float 2001/11/08 v1.3d Float enhancements (AL)
\c@float@type=\count274
\float@exts=\toks22
\float@box=\box58
\@float@everytoks=\toks23
\@floatcapt=\box59
)
Package scrhack Info: loading float hack on input line 48.

(/usr/local/texlive/2021/texmf-dist/tex/latex/koma-script/float.hak
File: float.hak 2021/03/17 v3.33 KOMA-Script scrhack part (hacking package floa
t)
Package scrhack Info: redefining \newfloat on input line 163.
Package scrhack Info: redefining \listof on input line 163.
Package scrhack Info: undefining \float@addtolists on input line 163.
)
\@float@every@table=\toks24
\@float@every@figure=\toks25

(/usr/local/texlive/2021/texmf-dist/tex/latex/caption/caption.sty
Package: caption 2020/10/26 v3.5g Customizing captions (AR)

(/usr/local/texlive/2021/texmf-dist/tex/latex/caption/caption3.sty
Package: caption3 2020/10/21 v2.2e caption3 kernel (AR)
\captionmargin=\dimen155
\captionmargin@=\dimen156
\captionwidth=\dimen157
\caption@tempdima=\dimen158
\caption@indent=\dimen159
\caption@parindent=\dimen160
\caption@hangindent=\dimen161
Package caption Info: KOMA-Script document class detected.

(/usr/local/texlive/2021/texmf-dist/tex/latex/caption/caption-koma.sto
File: caption-koma.sto 2020/09/21 v2.0b Adaption of the caption package to the 
KOMA-Script document classes (AR)
))
\c@caption@flags=\count275
\c@continuedfloat=\count276
Package caption Info: float package is loaded.
Package caption Info: listings package is loaded.
Package caption Info: longtable package is loaded.

(/usr/local/texlive/2021/texmf-dist/tex/latex/caption/ltcaption.sty
Package: ltcaption 2020/05/30 v1.4b longtable captions (AR)
))
(/usr/local/texlive/2021/texmf-dist/tex/latex/subfigure/subfigure.sty
Package: subfigure 2002/03/15 v2.1.5 subfigure package
\subfigtopskip=\skip70
\subfigcapskip=\skip71
\subfigcaptopadj=\dimen162
\subfigbottomskip=\skip72
\subfigcapmargin=\dimen163
\subfiglabelskip=\skip73
\c@subfigure=\count277
\c@lofdepth=\count278
\c@subtable=\count279
\c@lotdepth=\count280

****************************************
* Local config file subfigure.cfg used *
****************************************
(/usr/local/texlive/2021/texmf-dist/tex/latex/subfigure/subfigure.cfg)
\subfig@top=\skip74
\subfig@bottom=\skip75
)
(/usr/local/texlive/2021/texmf-dist/tex/latex/tools/calc.sty
Package: calc 2017/05/25 v4.3 Infix arithmetic (KKT,FJ)
\calc@Acount=\count281
\calc@Bcount=\count282
\calc@Adimen=\dimen164
\calc@Bdimen=\dimen165
\calc@Askip=\skip76
\calc@Bskip=\skip77
LaTeX Info: Redefining \setlength on input line 80.
LaTeX Info: Redefining \addtolength on input line 81.
\calc@Ccount=\count283
\calc@Cskip=\skip78
)
(/usr/local/texlive/2021/texmf-dist/tex/latex/koma-script/scrlayer-scrpage.sty
Package: scrlayer-scrpage 2021/03/17 v3.33 KOMA-Script package (end user interf
ace for scrlayer)

(/usr/local/texlive/2021/texmf-dist/tex/latex/koma-script/scrlayer.sty
Package: scrlayer 2021/03/17 v3.33 KOMA-Script package (defining layers and pag
e styles)
Package scrlayer Info: Using already defined \footheight
(scrlayer)             hoping, that this is a length and
(scrlayer)             not only a macro on input line 136.
Package scrlayer Info: patching LaTeX kernel macro \pagestyle on input line 216
2.
)
Package scrlayer-scrpage Info: Makeing stand-alone element `pagehead' from
(scrlayer-scrpage)             alias to `pageheadfoot' on input line 1085.
Package scrlayer-scrpage Info: deactivating warning for font element
(scrlayer-scrpage)             `pagefoot' on input line 1109.
)
Package scrlayer-scrpage Info: auto-selection of `pagestyleset=KOMA-Script'.


Package scrlayer-scrpage Warning: Command deprecated!
(scrlayer-scrpage)                Usage of `\setheadtopline', `\setheadsepline'
,
(scrlayer-scrpage)                `\setfootsepline', and `\setfootbotline'
(scrlayer-scrpage)                became deprecated with scrlayer-scrpage.
(scrlayer-scrpage)                You should use KOMA-Script options
(scrlayer-scrpage)                `headsepline', `headtopline', `footsepline',
(scrlayer-scrpage)                or `footbotline' with values
(scrlayer-scrpage)                `<line thickness>:<line length>' to setup
(scrlayer-scrpage)                the line length and thickness, and
(scrlayer-scrpage)                `\setkomafont' or `\addtokomafont' to
(scrlayer-scrpage)                setup the colour on input line 61.


Class scrbook Warning: Usage of package `tocbibind' together
(scrbook)              with a KOMA-Script class is not recommended.
(scrbook)              I'd suggest to use options like `listof=totoc'
(scrbook)              or `bibliography=totoc', or commands like
(scrbook)              `\setuptoc{toc}{totoc}' instead of this package,
(scrbook)              because it breaks several KOMA-Script features of
(scrbook)              the list of figures, list of tables, bibliography,
(scrbook)              index and the running head.
(scrbook)              Nevertheless, using requested
(scrbook)              package `tocbibind' on input line 64.

(/usr/local/texlive/2021/texmf-dist/tex/latex/tocbibind/tocbibind.sty
Package: tocbibind 2010/10/13 v1.5k extra ToC listings
Package tocbibind Info: The document has chapter divisions on input line 50.


Package tocbibind Note: Using chapter style headings, unless overridden.

) (/usr/local/texlive/2021/texmf-dist/tex/latex/babelbib/babelbib.sty
Package: babelbib 2021/01/06 v1.34 babelbib: multilingual bibliographies
\c@btxromaniannumeral=\count284
)
LaTeX Info: Redefining \sc on input line 68.
LaTeX Info: Redefining \em on input line 69.
Package scrhack Info: hyperref hack deactivated because of
(scrhack)             detection of KOMA-Script class, that doesn't
(scrhack)             need that hack, on input line 86.

(/usr/local/texlive/2021/texmf-dist/tex/latex/hyperref/hyperref.sty
Package: hyperref 2021-02-27 v7.00k Hypertext links for LaTeX

(/usr/local/texlive/2021/texmf-dist/tex/generic/pdfescape/pdfescape.sty
Package: pdfescape 2019/12/09 v1.15 Implements pdfTeX's escape features (HO)
)
(/usr/local/texlive/2021/texmf-dist/tex/latex/hycolor/hycolor.sty
Package: hycolor 2020-01-27 v1.10 Color options for hyperref/bookmark (HO)
)
(/usr/local/texlive/2021/texmf-dist/tex/latex/letltxmacro/letltxmacro.sty
Package: letltxmacro 2019/12/03 v1.6 Let assignment for LaTeX macros (HO)
)
(/usr/local/texlive/2021/texmf-dist/tex/latex/auxhook/auxhook.sty
Package: auxhook 2019-12-17 v1.6 Hooks for auxiliary files (HO)
)
\@linkdim=\dimen166
\Hy@linkcounter=\count285
\Hy@pagecounter=\count286

(/usr/local/texlive/2021/texmf-dist/tex/latex/hyperref/pd1enc.def
File: pd1enc.def 2021-02-27 v7.00k Hyperref: PDFDocEncoding definition (HO)
Now handling font encoding PD1 ...
... no UTF-8 mapping file for font encoding PD1
)
(/usr/local/texlive/2021/texmf-dist/tex/latex/hyperref/hyperref-langpatches.def
File: hyperref-langpatches.def 2021-02-27 v7.00k Hyperref: patches for babel la
nguages
) (/usr/local/texlive/2021/texmf-dist/tex/generic/intcalc/intcalc.sty
Package: intcalc 2019/12/15 v1.3 Expandable calculations with integers (HO)
)
(/usr/local/texlive/2021/texmf-dist/tex/generic/etexcmds/etexcmds.sty
Package: etexcmds 2019/12/15 v1.7 Avoid name clashes with e-TeX commands (HO)
)
\Hy@SavedSpaceFactor=\count287

(/usr/local/texlive/2021/texmf-dist/tex/latex/hyperref/puenc.def
File: puenc.def 2021-02-27 v7.00k Hyperref: PDF Unicode definition (HO)
Now handling font encoding PU ...
... no UTF-8 mapping file for font encoding PU
)
Package hyperref Info: Option `colorlinks' set `true' on input line 4073.
Package hyperref Info: Option `plainpages' set `false' on input line 4073.
Package hyperref Info: Option `hypertexnames' set `false' on input line 4073.
Package hyperref Info: Option `pdfpagelabels' set `true' on input line 4073.
Package hyperref Info: Option `hyperfootnotes' set `false' on input line 4073.
Package hyperref Info: Option `hyperindex' set `true' on input line 4073.
Package hyperref Info: Hyper figures OFF on input line 4192.
Package hyperref Info: Link nesting OFF on input line 4197.
Package hyperref Info: Hyper index ON on input line 4200.
Package hyperref Info: Plain pages OFF on input line 4207.
Package hyperref Info: Backreferencing OFF on input line 4212.
Package hyperref Info: Implicit mode ON; LaTeX internals redefined.
Package hyperref Info: Bookmarks ON on input line 4445.
\c@Hy@tempcnt=\count288

(/usr/local/texlive/2021/texmf-dist/tex/latex/url/url.sty
\Urlmuskip=\muskip16
Package: url 2013/09/16  ver 3.4  Verb mode for urls, etc.
)
LaTeX Info: Redefining \url on input line 4804.
\XeTeXLinkMargin=\dimen167

(/usr/local/texlive/2021/texmf-dist/tex/generic/bitset/bitset.sty
Package: bitset 2019/12/09 v1.3 Handle bit-vector datatype (HO)

(/usr/local/texlive/2021/texmf-dist/tex/generic/bigintcalc/bigintcalc.sty
Package: bigintcalc 2019/12/15 v1.5 Expandable calculations on big integers (HO
)
))
\Fld@menulength=\count289
\Field@Width=\dimen168
\Fld@charsize=\dimen169
Package hyperref Info: Hyper figures OFF on input line 6075.
Package hyperref Info: Link nesting OFF on input line 6080.
Package hyperref Info: Hyper index ON on input line 6083.
Package hyperref Info: backreferencing OFF on input line 6090.
Package hyperref Info: Link coloring ON on input line 6093.
Package hyperref Info: Link coloring with OCG OFF on input line 6100.
Package hyperref Info: PDF/A mode OFF on input line 6105.
LaTeX Info: Redefining \ref on input line 6145.
LaTeX Info: Redefining \pageref on input line 6149.

(/usr/local/texlive/2021/texmf-dist/tex/latex/base/atbegshi-ltx.sty
Package: atbegshi-ltx 2020/08/17 v1.0a Emulation of the original atbegshi packa
ge
with kernel methods
)
\Hy@abspage=\count290
\c@Item=\count291
)
Package hyperref Info: Driver (autodetected): hpdftex.

(/usr/local/texlive/2021/texmf-dist/tex/latex/hyperref/hpdftex.def
File: hpdftex.def 2021-02-27 v7.00k Hyperref driver for pdfTeX

(/usr/local/texlive/2021/texmf-dist/tex/latex/base/atveryend-ltx.sty
Package: atveryend-ltx 2020/08/19 v1.0a Emulation of the original atvery packag
e
with kernel methods
)
\Fld@listcount=\count292
\c@bookmark@seq@number=\count293

(/usr/local/texlive/2021/texmf-dist/tex/latex/rerunfilecheck/rerunfilecheck.sty
Package: rerunfilecheck 2019/12/05 v1.9 Rerun checks for auxiliary files (HO)

(/usr/local/texlive/2021/texmf-dist/tex/generic/uniquecounter/uniquecounter.sty
Package: uniquecounter 2019/12/15 v1.4 Provide unlimited unique counter (HO)
)
Package uniquecounter Info: New unique counter `rerunfilecheck' on input line 2
86.
)
\Hy@SectionHShift=\skip79
)) (./seminar.aux)
Runaway argument?
{5C3337365C3337375C3030304F5C303030705C303030745C303030695C3030306D5C\ETC.
./seminar.tex:21: File ended while scanning use of \BKM@entry.
<inserted text> 
                \par 
l.21 \begin{document}
                     
? 
\openout1 = `seminar.aux'.

LaTeX Font Info:    Checking defaults for OML/cmm/m/it on input line 21.
LaTeX Font Info:    ... okay on input line 21.
LaTeX Font Info:    Checking defaults for OMS/cmsy/m/n on input line 21.
LaTeX Font Info:    ... okay on input line 21.
LaTeX Font Info:    Checking defaults for OT1/cmr/m/n on input line 21.
LaTeX Font Info:    ... okay on input line 21.
LaTeX Font Info:    Checking defaults for T1/cmr/m/n on input line 21.
LaTeX Font Info:    ... okay on input line 21.
LaTeX Font Info:    Checking defaults for TS1/cmr/m/n on input line 21.
LaTeX Font Info:    ... okay on input line 21.
LaTeX Font Info:    Checking defaults for OMX/cmex/m/n on input line 21.
LaTeX Font Info:    ... okay on input line 21.
LaTeX Font Info:    Checking defaults for U/cmr/m/n on input line 21.
LaTeX Font Info:    ... okay on input line 21.
LaTeX Font Info:    Checking defaults for PD1/pdf/m/n on input line 21.
LaTeX Font Info:    ... okay on input line 21.
LaTeX Font Info:    Checking defaults for PU/pdf/m/n on input line 21.
LaTeX Font Info:    ... okay on input line 21.
Package scrbase Info: activating english \contentsname on input line 21.
Package scrbase Info: activating english \listfigurename on input line 21.
Package scrbase Info: activating english \listtablename on input line 21.
Package tocbasic Info: usage of `tocbibind' detected on input line 21.

Package tocbasic Warning: `tocbibind' redefinition of `\listoffigures'
(tocbasic)                detected.
(tocbasic)                Note: Loading `tocbibind' without option `notlof'
(tocbasic)                can break several features of `tocbasic'.


Package tocbasic Warning: `tocbibind' redefinition of `\listoftables'
(tocbasic)                detected.
(tocbasic)                Note: Loading `tocbibind' without option `notlot'
(tocbasic)                can break several features of `tocbasic'.

(/usr/local/texlive/2021/texmf-dist/tex/context/base/mkii/supp-pdf.mkii
[Loading MPS to PDF converter (version 2006.09.02).]
\scratchcounter=\count294
\scratchdimen=\dimen170
\scratchbox=\box60
\nofMPsegments=\count295
\nofMParguments=\count296
\everyMPshowfont=\toks26
\MPscratchCnt=\count297
\MPscratchDim=\dimen171
\MPnumerator=\count298
\makeMPintoPDFobject=\count299
\everyMPtoPDFconversion=\toks27
)
\c@lstlisting=\count300
Package scrhack Info: undefining \float@addtolists on input line 21.
Package caption Info: Begin \AtBeginDocument code.
Package caption Info: hyperref package is loaded.
Package caption Info: subfigure package is loaded.
Package caption Info: End \AtBeginDocument code.

babelbib: Use citation-dependent languages in bibliography
babelbib: Set bibliography fall-back language to english
babelbib: english.bdf loaded because language english defined.
(/usr/local/texlive/2021/texmf-dist/tex/latex/babelbib/english.bdf
File: english.bdf 2021/01/06 v1.34 babelbib: multilingual bibliographies

babelbib extension \bibsenglish added to \extrasenglish
babelbib extension \btxifchangecaseon added to \extrasenglish
) (/usr/local/texlive/2021/texmf-dist/tex/latex/graphics/color.sty
Package: color 2020/02/24 v1.2b Standard LaTeX Color (DPC)

(/usr/local/texlive/2021/texmf-dist/tex/latex/graphics-cfg/color.cfg
File: color.cfg 2016/01/02 v1.6 sample color configuration
)
Package color Info: Driver file: pdftex.def on input line 147.
)
Package hyperref Info: Link coloring ON on input line 21.

(/usr/local/texlive/2021/texmf-dist/tex/latex/hyperref/nameref.sty
Package: nameref 2021-04-02 v2.47 Cross-referencing by name of section

(/usr/local/texlive/2021/texmf-dist/tex/latex/refcount/refcount.sty
Package: refcount 2019/12/15 v3.6 Data extraction from label references (HO)
)
(/usr/local/texlive/2021/texmf-dist/tex/generic/gettitlestring/gettitlestring.s
ty
Package: gettitlestring 2019/12/15 v1.6 Cleanup title references (HO)
)
\c@section@level=\count301
LaTeX Info: Redefining \Ref on input line 520.
)
LaTeX Info: Redefining \ref on input line 21.
LaTeX Info: Redefining \pageref on input line 21.
LaTeX Info: Redefining \nameref on input line 21.
 (./seminar.out) (./seminar.out)
\@outlinefile=\write3
\openout3 = `seminar.out'.

LaTeX Info: Redefining \Ref on input line 21.
Class scrbook Info: loading recommended package `bookmark'.
(scrbook)           Using `bookmark' together with `hyperref' is recommended,
(scrbook)           because of handling of possible bookmark level gaps.
(scrbook)           You can avoid loading `bookmark' with KOMA-Script option
(scrbook)           `bookmarkpackage=false' before \begin{document} and
(scrbook)           you can avoid this message adding:
(scrbook)             \usepackage{bookmark}
(scrbook)           before \begin{document} on input line 21.

(/usr/local/texlive/2021/texmf-dist/tex/latex/bookmark/bookmark.sty
Package: bookmark 2020-11-06 v1.29 PDF bookmarks (HO)

(/usr/local/texlive/2021/texmf-dist/tex/latex/bookmark/bkm-pdftex.def
File: bkm-pdftex.def 2020-11-06 v1.29 bookmark driver for pdfTeX (HO)
\BKM@id=\count302
))
(./titlepage.tex
<figures/rwth_vci_rgb.png, id=4, 1554.80875pt x 379.4175pt>
File: figures/rwth_vci_rgb.png Graphic file (type png)
<use figures/rwth_vci_rgb.png>
Package pdftex.def Info: figures/rwth_vci_rgb.png  used on input line 27.
(pdftex.def)             Requested size: 298.75267pt x 72.90059pt.

Overfull \hbox (11.74713pt too wide) in paragraph at lines 24--28
[][] 
 []

[1



{/usr/local/texlive/2021/texmf-var/fonts/map/pdftex/updmap/pdftex.map} <./figur
es/rwth_vci_rgb.png>] [2


])
LaTeX Font Info:    Trying to load font information for T1+cmss on input line 2
5.

(/usr/local/texlive/2021/texmf-dist/tex/latex/base/t1cmss.fd
File: t1cmss.fd 2019/12/16 v2.5j Standard LaTeX font definitions
) (./seminar.toc)
\tf@toc=\write4
\openout4 = `seminar.toc'.

LaTeX Font Info:    External font `cmex10' loaded for size
(Font)              <12> on input line 30.
LaTeX Font Info:    External font `cmex10' loaded for size
(Font)              <8> on input line 30.
LaTeX Font Info:    External font `cmex10' loaded for size
(Font)              <6> on input line 30.

[1


] [2


] (./introduction.tex
chapter 1.

LaTeX Warning: Citation `Carmigniani:2011te' on page 1 undefined on input line 
11.


LaTeX Warning: Citation `XR_Projection' on page 1 undefined on input line 13.

[1


]

LaTeX Warning: Citation `PresencePaper' on page 2 undefined on input line 18.


LaTeX Warning: Citation `10.1117/12.387188' on page 2 undefined on input line 1
8.


LaTeX Warning: Citation `joitmc7010070' on page 2 undefined on input line 23.

[2]) (./relatedWork.tex [3] [4


]
chapter 2.
<figures/Bildschirmfoto 2022-06-10 um 18.07.25.png, id=52, 1445.4pt x 398.48875
pt>
File: figures/Bildschirmfoto 2022-06-10 um 18.07.25.png Graphic file (type png)

<use figures/Bildschirmfoto 2022-06-10 um 18.07.25.png>
Package pdftex.def Info: figures/Bildschirmfoto 2022-06-10 um 18.07.25.png  use
d on input line 11.
(pdftex.def)             Requested size: 341.43442pt x 94.1313pt.

LaTeX Warning: Citation `8797719' on page 5 undefined on input line 17.

<figures/Bildschirmfoto 2022-06-10 um 19.33.46.png, id=54, 718.685pt x 498.8637
5pt>
File: figures/Bildschirmfoto 2022-06-10 um 19.33.46.png Graphic file (type png)

<use figures/Bildschirmfoto 2022-06-10 um 19.33.46.png>
Package pdftex.def Info: figures/Bildschirmfoto 2022-06-10 um 19.33.46.png  use
d on input line 21.
(pdftex.def)             Requested size: 341.43442pt x 237.0084pt.

Underfull \vbox (badness 10000) has occurred while \output is active []

 [5 <./figures/Bildschirmfoto 2022-06-10 um 18.07.25.png>]

LaTeX Warning: Citation `Carmigniani:2011te' on page 6 undefined on input line 
34.

<figures/pone.0216290.g001.PNG_L.png, id=66, 289.08pt x 162.8484pt>
File: figures/pone.0216290.g001.PNG_L.png Graphic file (type png)
<use figures/pone.0216290.g001.PNG_L.png>
Package pdftex.def Info: figures/pone.0216290.g001.PNG_L.png  used on input lin
e 42.
(pdftex.def)             Requested size: 213.39569pt x 120.2127pt.
[6 <./figures/Bildschirmfoto 2022-06-10 um 19.33.46.png>]
<figures/pone.0216290.g003.PNG_L.png, id=77, 343.5234pt x 191.0337pt>
File: figures/pone.0216290.g003.PNG_L.png Graphic file (type png)
<use figures/pone.0216290.g003.PNG_L.png>
Package pdftex.def Info: figures/pone.0216290.g003.PNG_L.png  used on input lin
e 53.
(pdftex.def)             Requested size: 213.39569pt x 118.66994pt.
 [7 <./figures/pone.0216290.g001.PNG_L.png> <./figures/pone.0216290.g003.PNG_L.
png>]
<figures/pone.0216290.g004.PNG_L.png, id=85, 289.08pt x 253.6677pt>
File: figures/pone.0216290.g004.PNG_L.png Graphic file (type png)
<use figures/pone.0216290.g004.PNG_L.png>
Package pdftex.def Info: figures/pone.0216290.g004.PNG_L.png  used on input lin
e 68.
(pdftex.def)             Requested size: 213.39569pt x 187.25441pt.
 [8 <./figures/pone.0216290.g004.PNG_L.png>]

LaTeX Warning: Citation `CollaborativeAR' on page 9 undefined on input line 84.


<figures/Bildschirmfoto 2022-06-10 um 18.47.26.png, id=94, 663.47874pt x 278.03
876pt>
File: figures/Bildschirmfoto 2022-06-10 um 18.47.26.png Graphic file (type png)

<use figures/Bildschirmfoto 2022-06-10 um 18.47.26.png>
Package pdftex.def Info: figures/Bildschirmfoto 2022-06-10 um 18.47.26.png  use
d on input line 91.
(pdftex.def)             Requested size: 213.39569pt x 89.42392pt.

LaTeX Warning: Citation `studierstube' on page 9 undefined on input line 96.

[9 <./figures/Bildschirmfoto 2022-06-10 um 18.47.26.png>]) (./mainPart.tex
[10]
chapter 3.

LaTeX Warning: Citation `10.1371/journal.pone.0216290' on page 11 undefined on 
input line 4.


LaTeX Warning: Citation `joitmc7010070' on page 11 undefined on input line 4.


LaTeX Warning: Citation `2dSocialPresence' on page 11 undefined on input line 5
.


LaTeX Warning: Citation `taskPerformance' on page 11 undefined on input line 5.


<figures/ARmaintenance.png, id=110, 1235.61626pt x 450.68375pt>
File: figures/ARmaintenance.png Graphic file (type png)
<use figures/ARmaintenance.png>
Package pdftex.def Info: figures/ARmaintenance.png  used on input line 8.
(pdftex.def)             Requested size: 341.43442pt x 124.53325pt.

Underfull \vbox (badness 10000) has occurred while \output is active []

 [11


]

LaTeX Warning: Citation `CollaborativeAR' on page 12 undefined on input line 13
.


LaTeX Warning: Reference `fig::maintenance' on page 12 undefined on input line 
13.


LaTeX Warning: Citation `5620905' on page 12 undefined on input line 13.


LaTeX Warning: Citation `avatarRealism' on page 12 undefined on input line 18.


LaTeX Warning: Citation `8797719' on page 12 undefined on input line 18.

[12 <./figures/ARmaintenance.png>]
<figures/uncannyValley.png, id=125, 718.685pt x 617.30624pt>
File: figures/uncannyValley.png Graphic file (type png)
<use figures/uncannyValley.png>
Package pdftex.def Info: figures/uncannyValley.png  used on input line 22.
(pdftex.def)             Requested size: 213.39569pt x 183.29059pt.


LaTeX Warning: Reference `fig::uncannyValley' on page 13 undefined on input lin
e 27.


LaTeX Warning: Citation `4557950' on page 13 undefined on input line 27.


LaTeX Warning: Citation `8797719' on page 13 undefined on input line 31.

<figures/Bildschirmfoto 2022-06-10 um 19.48.36.png, id=126, 475.7775pt x 517.93
5pt>
File: figures/Bildschirmfoto 2022-06-10 um 19.48.36.png Graphic file (type png)

<use figures/Bildschirmfoto 2022-06-10 um 19.48.36.png>
Package pdftex.def Info: figures/Bildschirmfoto 2022-06-10 um 19.48.36.png  use
d on input line 35.
(pdftex.def)             Requested size: 213.39569pt x 232.30199pt.

Underfull \vbox (badness 10000) has occurred while \output is active []

 [13 <./figures/uncannyValley.png>]

LaTeX Warning: Citation `Microsoft' on page 14 undefined on input line 40.


LaTeX Warning: Citation `8797719' on page 14 undefined on input line 42.

) (./conclusion.tex [14 <./figures/Bildschirmfoto 2022-06-10 um 19.48.36.png>]
chapter 4.
) (./seminar.bbl [15


] [16


]

LaTeX Warning: Empty `thebibliography' environment on input line 3.

) [17] (./seminar.aux)

LaTeX Warning: There were undefined references.


LaTeX Warning: Label(s) may have changed. Rerun to get cross-references right.

Package rerunfilecheck Info: File `seminar.out' has not changed.
(rerunfilecheck)             Checksum: D41D8CD98F00B204E9800998ECF8427E;0.
 ) 
Here is how much of TeX's memory you used:
 17744 strings out of 478994
 326959 string characters out of 5858185
 816649 words of memory out of 5000000
 34892 multiletter control sequences out of 15000+600000
 415031 words of font info for 48 fonts, out of 8000000 for 9000
 1141 hyphenation exceptions out of 8191
 116i,19n,119p,10650b,722s stack positions out of 5000i,500n,10000p,200000b,80000s
{/usr/local/texlive/2021/texmf-dist/fonts/enc/dvips/cm-super/cm-super-ts1.enc
}{/usr/local/texlive/2021/texmf-dist/fonts/enc/dvips/cm-super/cm-super-t1.enc}<
/usr/local/texlive/2021/texmf-dist/fonts/type1/public/cm-super/sfbx1095.pfb></u
sr/local/texlive/2021/texmf-dist/fonts/type1/public/cm-super/sfbx1200.pfb></usr
/local/texlive/2021/texmf-dist/fonts/type1/public/cm-super/sfrm1095.pfb></usr/l
ocal/texlive/2021/texmf-dist/fonts/type1/public/cm-super/sfrm1200.pfb></usr/loc
al/texlive/2021/texmf-dist/fonts/type1/public/cm-super/sfrm1728.pfb></usr/local
/texlive/2021/texmf-dist/fonts/type1/public/cm-super/sfsl1200.pfb></usr/local/t
exlive/2021/texmf-dist/fonts/type1/public/cm-super/sfsx1440.pfb></usr/local/tex
live/2021/texmf-dist/fonts/type1/public/cm-super/sfsx1728.pfb></usr/local/texli
ve/2021/texmf-dist/fonts/type1/public/cm-super/sfsx2488.pfb>
Output written on seminar.pdf (21 pages, 11810273 bytes).
PDF statistics:
 257 PDF objects out of 1000 (max. 8388607)
 205 compressed objects within 3 object streams
 50 named destinations out of 1000 (max. 500000)
 195 words of extra memory for PDF output out of 10000 (max. 10000000)

